<?xml version="1.0" encoding="UTF-8"?>
<!-- Generated by org.testng.reporters.JUnitReportReporter -->
<testsuite hostname="SLB-3MVR3Q3" failures="0" tests="1" name="com.slb.selenium.runner.TestRunner" time="15.106" errors="0" timestamp="2025-01-16T14:33:26 IST" skipped="0">
  <testcase classname="com.slb.selenium.runner.TestRunner" name="runScenario" time="15.106"/>
  <system-out/>
</testsuite> <!-- com.slb.selenium.runner.TestRunner -->
